2017-11-16 23:59:31.016|a [localhost-startStop-1] org.springframework.web.context.ContextLoader
2017-11-16 23:59:31.016|b [localhost-startStop-1] -- Root WebApplicationContext: initialization started
2017-11-16 23:59:31.070|a [localhost-startStop-1] org.springframework.web.context.support.XmlWebApplicationContext
2017-11-16 23:59:31.070|b [localhost-startStop-1] -- Refreshing Root WebApplicationContext: startup date [Thu Nov 16 23:59:31 CST 2017]; root of context hierarchy
2017-11-16 23:59:31.147|a [localhost-startStop-1] org.springframework.beans.factory.xml.XmlBeanDefinitionReader
2017-11-16 23:59:31.147|b [localhost-startStop-1] -- Loading XML bean definitions from file [D:\Work\projects\BasicPlat\WebContent\WEB-INF\classes\springConfig\frameworkSpring.xml]
2017-11-16 23:59:31.862|a [localhost-startStop-1] org.springframework.beans.factory.xml.XmlBeanDefinitionReader
2017-11-16 23:59:31.862|b [localhost-startStop-1] -- Loading XML bean definitions from file [D:\Work\projects\BasicPlat\WebContent\WEB-INF\classes\springConfig\gisSmSpring.xml]
2017-11-16 23:59:31.901|a [localhost-startStop-1] org.springframework.beans.factory.xml.XmlBeanDefinitionReader
2017-11-16 23:59:31.901|b [localhost-startStop-1] -- Loading XML bean definitions from ServletContext resource [/WEB-INF/applicationContext.xml]
2017-11-16 23:59:33.274|a [localhost-startStop-1] org.springframework.web.context.support.XmlWebApplicationContext
2017-11-16 23:59:33.274|b [localhost-startStop-1] -- Exception encountered during context initialization - cancelling refresh attempt: org.springframework.beans.factory.BeanDefinitionStoreException: Invalid bean definition with name 'dcSysDS' defined in ServletContext resource [/WEB-INF/applicationContext.xml]: Could not resolve placeholder 'jdbc.sys.driverClassName' in value "${jdbc.sys.driverClassName}"; nested exception is java.lang.IllegalArgumentException: Could not resolve placeholder 'jdbc.sys.driverClassName' in value "${jdbc.sys.driverClassName}"
2017-11-16 23:59:33.281|a [localhost-startStop-1] org.springframework.web.context.ContextLoader
2017-11-16 23:59:33.281|b [localhost-startStop-1] -- Context initialization failed
org.springframework.beans.factory.BeanDefinitionStoreException: Invalid bean definition with name 'dcSysDS' defined in ServletContext resource [/WEB-INF/applicationContext.xml]: Could not resolve placeholder 'jdbc.sys.driverClassName' in value "${jdbc.sys.driverClassName}"; nested exception is java.lang.IllegalArgumentException: Could not resolve placeholder 'jdbc.sys.driverClassName' in value "${jdbc.sys.driverClassName}"
	at org.springframework.beans.factory.config.PlaceholderConfigurerSupport.doProcessProperties(PlaceholderConfigurerSupport.java:223) ~[spring-beans-4.3.8.RELEASE.jar:4.3.8.RELEASE]
	at org.springframework.beans.factory.config.PropertyPlaceholderConfigurer.processProperties(PropertyPlaceholderConfigurer.java:222) ~[spring-beans-4.3.8.RELEASE.jar:4.3.8.RELEASE]
	at org.springframework.beans.factory.config.PropertyResourceConfigurer.postProcessBeanFactory(PropertyResourceConfigurer.java:86) ~[spring-beans-4.3.8.RELEASE.jar:4.3.8.RELEASE]
	at org.springframework.context.support.PostProcessorRegistrationDelegate.invokeBeanFactoryPostProcessors(PostProcessorRegistrationDelegate.java:281) ~[spring-context-4.3.8.RELEASE.jar:4.3.8.RELEASE]
	at org.springframework.context.support.PostProcessorRegistrationDelegate.invokeBeanFactoryPostProcessors(PostProcessorRegistrationDelegate.java:161) ~[spring-context-4.3.8.RELEASE.jar:4.3.8.RELEASE]
	at org.springframework.context.support.AbstractApplicationContext.invokeBeanFactoryPostProcessors(AbstractApplicationContext.java:686) ~[spring-context-4.3.8.RELEASE.jar:4.3.8.RELEASE]
	at org.springframework.context.support.AbstractApplicationContext.refresh(AbstractApplicationContext.java:524) ~[spring-context-4.3.8.RELEASE.jar:4.3.8.RELEASE]
	at org.springframework.web.context.ContextLoader.configureAndRefreshWebApplicationContext(ContextLoader.java:443) ~[spring-web-4.3.8.RELEASE.jar:4.3.8.RELEASE]
	at org.springframework.web.context.ContextLoader.initWebApplicationContext(ContextLoader.java:325) ~[spring-web-4.3.8.RELEASE.jar:4.3.8.RELEASE]
	at org.springframework.web.context.ContextLoaderListener.contextInitialized(ContextLoaderListener.java:107) [spring-web-4.3.8.RELEASE.jar:4.3.8.RELEASE]
	at org.apache.catalina.core.StandardContext.listenerStart(StandardContext.java:4842) [catalina.jar:8.0.36]
	at org.apache.catalina.core.StandardContext.startInternal(StandardContext.java:5303) [catalina.jar:8.0.36]
	at org.apache.catalina.util.LifecycleBase.start(LifecycleBase.java:147) [catalina.jar:8.0.36]
	at org.apache.catalina.core.ContainerBase$StartChild.call(ContainerBase.java:1407) [catalina.jar:8.0.36]
	at org.apache.catalina.core.ContainerBase$StartChild.call(ContainerBase.java:1397) [catalina.jar:8.0.36]
	at java.util.concurrent.FutureTask.run(FutureTask.java:266) [na:1.8.0_144]
	at java.util.concurrent.ThreadPoolExecutor.runWorker(ThreadPoolExecutor.java:1149) [na:1.8.0_144]
	at java.util.concurrent.ThreadPoolExecutor$Worker.run(ThreadPoolExecutor.java:624) [na:1.8.0_144]
	at java.lang.Thread.run(Thread.java:748) [na:1.8.0_144]
Caused by: java.lang.IllegalArgumentException: Could not resolve placeholder 'jdbc.sys.driverClassName' in value "${jdbc.sys.driverClassName}"
	at org.springframework.util.PropertyPlaceholderHelper.parseStringValue(PropertyPlaceholderHelper.java:174) ~[spring-core-4.3.8.RELEASE.jar:4.3.8.RELEASE]
	at org.springframework.util.PropertyPlaceholderHelper.replacePlaceholders(PropertyPlaceholderHelper.java:126) ~[spring-core-4.3.8.RELEASE.jar:4.3.8.RELEASE]
	at org.springframework.beans.factory.config.PropertyPlaceholderConfigurer$PlaceholderResolvingStringValueResolver.resolveStringValue(PropertyPlaceholderConfigurer.java:258) ~[spring-beans-4.3.8.RELEASE.jar:4.3.8.RELEASE]
	at org.springframework.beans.factory.config.BeanDefinitionVisitor.resolveStringValue(BeanDefinitionVisitor.java:282) ~[spring-beans-4.3.8.RELEASE.jar:4.3.8.RELEASE]
	at org.springframework.beans.factory.config.BeanDefinitionVisitor.resolveValue(BeanDefinitionVisitor.java:204) ~[spring-beans-4.3.8.RELEASE.jar:4.3.8.RELEASE]
	at org.springframework.beans.factory.config.BeanDefinitionVisitor.visitPropertyValues(BeanDefinitionVisitor.java:141) ~[spring-beans-4.3.8.RELEASE.jar:4.3.8.RELEASE]
	at org.springframework.beans.factory.config.BeanDefinitionVisitor.visitBeanDefinition(BeanDefinitionVisitor.java:82) ~[spring-beans-4.3.8.RELEASE.jar:4.3.8.RELEASE]
	at org.springframework.beans.factory.config.PlaceholderConfigurerSupport.doProcessProperties(PlaceholderConfigurerSupport.java:220) ~[spring-beans-4.3.8.RELEASE.jar:4.3.8.RELEASE]
	... 18 common frames omitted
2017-11-16 23:59:33.296|a [localhost-startStop-1] com.spiritdata.framework.core.web.InitSysConfigListener
2017-11-16 23:59:33.296|b [localhost-startStop-1] -- 运行环境初始化失败：
org.springframework.beans.factory.BeanDefinitionStoreException: Invalid bean definition with name 'dcSysDS' defined in ServletContext resource [/WEB-INF/applicationContext.xml]: Could not resolve placeholder 'jdbc.sys.driverClassName' in value "${jdbc.sys.driverClassName}"; nested exception is java.lang.IllegalArgumentException: Could not resolve placeholder 'jdbc.sys.driverClassName' in value "${jdbc.sys.driverClassName}"
	at org.springframework.beans.factory.config.PlaceholderConfigurerSupport.doProcessProperties(PlaceholderConfigurerSupport.java:223) ~[spring-beans-4.3.8.RELEASE.jar:4.3.8.RELEASE]
	at org.springframework.beans.factory.config.PropertyPlaceholderConfigurer.processProperties(PropertyPlaceholderConfigurer.java:222) ~[spring-beans-4.3.8.RELEASE.jar:4.3.8.RELEASE]
	at org.springframework.beans.factory.config.PropertyResourceConfigurer.postProcessBeanFactory(PropertyResourceConfigurer.java:86) ~[spring-beans-4.3.8.RELEASE.jar:4.3.8.RELEASE]
	at org.springframework.context.support.PostProcessorRegistrationDelegate.invokeBeanFactoryPostProcessors(PostProcessorRegistrationDelegate.java:281) ~[spring-context-4.3.8.RELEASE.jar:4.3.8.RELEASE]
	at org.springframework.context.support.PostProcessorRegistrationDelegate.invokeBeanFactoryPostProcessors(PostProcessorRegistrationDelegate.java:161) ~[spring-context-4.3.8.RELEASE.jar:4.3.8.RELEASE]
	at org.springframework.context.support.AbstractApplicationContext.invokeBeanFactoryPostProcessors(AbstractApplicationContext.java:686) ~[spring-context-4.3.8.RELEASE.jar:4.3.8.RELEASE]
	at org.springframework.context.support.AbstractApplicationContext.refresh(AbstractApplicationContext.java:524) ~[spring-context-4.3.8.RELEASE.jar:4.3.8.RELEASE]
	at org.springframework.web.context.ContextLoader.configureAndRefreshWebApplicationContext(ContextLoader.java:443) ~[spring-web-4.3.8.RELEASE.jar:4.3.8.RELEASE]
	at org.springframework.web.context.ContextLoader.initWebApplicationContext(ContextLoader.java:325) ~[spring-web-4.3.8.RELEASE.jar:4.3.8.RELEASE]
	at org.springframework.web.context.ContextLoaderListener.contextInitialized(ContextLoaderListener.java:107) ~[spring-web-4.3.8.RELEASE.jar:4.3.8.RELEASE]
	at org.apache.catalina.core.StandardContext.listenerStart(StandardContext.java:4842) [catalina.jar:8.0.36]
	at org.apache.catalina.core.StandardContext.startInternal(StandardContext.java:5303) [catalina.jar:8.0.36]
	at org.apache.catalina.util.LifecycleBase.start(LifecycleBase.java:147) [catalina.jar:8.0.36]
	at org.apache.catalina.core.ContainerBase$StartChild.call(ContainerBase.java:1407) [catalina.jar:8.0.36]
	at org.apache.catalina.core.ContainerBase$StartChild.call(ContainerBase.java:1397) [catalina.jar:8.0.36]
	at java.util.concurrent.FutureTask.run(FutureTask.java:266) [na:1.8.0_144]
	at java.util.concurrent.ThreadPoolExecutor.runWorker(ThreadPoolExecutor.java:1149) [na:1.8.0_144]
	at java.util.concurrent.ThreadPoolExecutor$Worker.run(ThreadPoolExecutor.java:624) [na:1.8.0_144]
	at java.lang.Thread.run(Thread.java:748) [na:1.8.0_144]
Caused by: java.lang.IllegalArgumentException: Could not resolve placeholder 'jdbc.sys.driverClassName' in value "${jdbc.sys.driverClassName}"
	at org.springframework.util.PropertyPlaceholderHelper.parseStringValue(PropertyPlaceholderHelper.java:174) ~[spring-core-4.3.8.RELEASE.jar:4.3.8.RELEASE]
	at org.springframework.util.PropertyPlaceholderHelper.replacePlaceholders(PropertyPlaceholderHelper.java:126) ~[spring-core-4.3.8.RELEASE.jar:4.3.8.RELEASE]
	at org.springframework.beans.factory.config.PropertyPlaceholderConfigurer$PlaceholderResolvingStringValueResolver.resolveStringValue(PropertyPlaceholderConfigurer.java:258) ~[spring-beans-4.3.8.RELEASE.jar:4.3.8.RELEASE]
	at org.springframework.beans.factory.config.BeanDefinitionVisitor.resolveStringValue(BeanDefinitionVisitor.java:282) ~[spring-beans-4.3.8.RELEASE.jar:4.3.8.RELEASE]
	at org.springframework.beans.factory.config.BeanDefinitionVisitor.resolveValue(BeanDefinitionVisitor.java:204) ~[spring-beans-4.3.8.RELEASE.jar:4.3.8.RELEASE]
	at org.springframework.beans.factory.config.BeanDefinitionVisitor.visitPropertyValues(BeanDefinitionVisitor.java:141) ~[spring-beans-4.3.8.RELEASE.jar:4.3.8.RELEASE]
	at org.springframework.beans.factory.config.BeanDefinitionVisitor.visitBeanDefinition(BeanDefinitionVisitor.java:82) ~[spring-beans-4.3.8.RELEASE.jar:4.3.8.RELEASE]
	at org.springframework.beans.factory.config.PlaceholderConfigurerSupport.doProcessProperties(PlaceholderConfigurerSupport.java:220) ~[spring-beans-4.3.8.RELEASE.jar:4.3.8.RELEASE]
	... 18 common frames omitted
